<?xml version="1.0" encoding="UTF-8"?>
<!-- Generated by org.testng.reporters.JUnitXMLReporter -->
<testsuite hostname="Admin-PC" ignored="10" name="Test" tests="11" failures="0" timestamp="2020-09-03T17:52:28 IST" time="952.102" errors="0">
  <testcase name="AboutMeProfile" time="43.349" classname="scriptsmodule01.ProfileAboutMe"/>
  <testcase name="ContactDetails" time="94.385" classname="scriptsmodule01.ProfileContact"/>
  <testcase name="ResumeProfile" time="57.018" classname="scriptsmodule01.ProfileResume"/>
  <testcase name="TestimonialsSearch" time="67.224" classname="scriptsmodule01.ProfileTestimonials"/>
  <testcase name="ProjectList" time="108.924" classname="scriptsmodule02.ProfileProjects"/>
  <testcase name="ProfileHomeAutoSearch" time="77.731" classname="scriptstestingpurpose.ProfileHomePageMultipleMethods"/>
  <testcase name="ProfileHomeButton" time="73.355" classname="scriptstestingpurpose.ProfileHomePageMultipleMethods"/>
  <testcase name="ProfileHomeDisabledText" time="71.641" classname="scriptstestingpurpose.ProfileHomePageMultipleMethods"/>
  <testcase name="ProfileHomeElementsText" time="97.882" classname="scriptstestingpurpose.ProfileHomePageMultipleMethods"/>
  <testcase name="ProfileHomeFileUploading" time="79.703" classname="scriptstestingpurpose.ProfileHomePageMultipleMethods"/>
  <testcase name="ProfileVideoTutorials" time="92.139" classname="scriptstestingpurpose.ProfileHomePageMultipleMethods"/>
  <testcase name="@AfterTest LogOut" time="0.0" classname="basicOperations.LoginOperations">
    <ignored/>
  </testcase> <!-- @AfterTest LogOut -->
  <testcase name="@AfterTest LogOut" time="0.0" classname="basicOperations.LoginOperations">
    <ignored/>
  </testcase> <!-- @AfterTest LogOut -->
  <testcase name="@AfterTest LogOut" time="0.0" classname="basicOperations.LoginOperations">
    <ignored/>
  </testcase> <!-- @AfterTest LogOut -->
  <testcase name="@AfterTest LogOut" time="0.0" classname="basicOperations.LoginOperations">
    <ignored/>
  </testcase> <!-- @AfterTest LogOut -->
  <testcase name="@AfterTest LogOut" time="0.0" classname="basicOperations.LoginOperations">
    <ignored/>
  </testcase> <!-- @AfterTest LogOut -->
  <testcase name="@BeforeTest LogIn" time="0.0" classname="basicOperations.LoginOperations">
    <ignored/>
  </testcase> <!-- @BeforeTest LogIn -->
  <testcase name="@BeforeTest LogIn" time="0.0" classname="basicOperations.LoginOperations">
    <ignored/>
  </testcase> <!-- @BeforeTest LogIn -->
  <testcase name="@BeforeTest LogIn" time="0.0" classname="basicOperations.LoginOperations">
    <ignored/>
  </testcase> <!-- @BeforeTest LogIn -->
  <testcase name="@BeforeTest LogIn" time="0.0" classname="basicOperations.LoginOperations">
    <ignored/>
  </testcase> <!-- @BeforeTest LogIn -->
  <testcase name="@BeforeTest LogIn" time="0.0" classname="basicOperations.LoginOperations">
    <ignored/>
  </testcase> <!-- @BeforeTest LogIn -->
</testsuite> <!-- Test -->
